<?xml version="1.0" encoding="UTF-8"?>
<!-- Generated by org.testng.reporters.JUnitReportReporter -->
<testsuite skipped="0" name="script.TestSignInPage" tests="4" failures="0" timestamp="27 Oct 2017 10:14:57 GMT" time="244.459" errors="0">
  <testcase name="testSignInPageIsDisplayed" time="22.114" classname="script.TestSignInPage"/>
  <testcase name="testSignInPageIsDisplayed" time="13.038" classname="script.TestSignInPage"/>
  <testcase name="testValidSignIn" time="104.376" classname="script.TestSignInPage"/>
  <testcase name="testValidSignIn" time="104.931" classname="script.TestSignInPage"/>
</testsuite> <!-- script.TestSignInPage -->
