<?xml version="1.0" encoding="UTF-8"?>
<!-- Generated by org.testng.reporters.JUnitReportReporter -->
<testsuite skipped="0" name="script.TestCuffLinksSearchPageisDisplayed" tests="2" failures="0" timestamp="27 Oct 2017 10:14:57 GMT" time="28.467" errors="0">
  <testcase name="testCuffLinksSearchPageisDisplayed" time="13.455" classname="script.TestCuffLinksSearchPageisDisplayed"/>
  <testcase name="testCuffLinksSearchPageisDisplayed" time="15.012" classname="script.TestCuffLinksSearchPageisDisplayed"/>
</testsuite> <!-- script.TestCuffLinksSearchPageisDisplayed -->
