<?xml version="1.0" encoding="UTF-8"?>
<!-- Generated by org.testng.reporters.JUnitReportReporter -->
<testsuite skipped="0" name="script.TestHomePageIsDisplayed" tests="2" failures="0" timestamp="27 Oct 2017 10:14:57 GMT" time="42.177" errors="0">
  <testcase name="testHomePageIsDisplayed" time="16.084" classname="script.TestHomePageIsDisplayed"/>
  <testcase name="testHomePageIsDisplayed" time="26.093" classname="script.TestHomePageIsDisplayed"/>
</testsuite> <!-- script.TestHomePageIsDisplayed -->
