<?xml version="1.0" encoding="UTF-8"?>
<!-- Generated by org.testng.reporters.JUnitReportReporter -->
<testsuite hostname="TYSS-4F-041" name="script.TestSignInPage" tests="4" failures="0" timestamp="27 Oct 2017 11:29:41 GMT" time="206.534" errors="0">
  <testcase name="testValidSignIn" time="98.804" classname="script.TestSignInPage"/>
  <testcase name="testSignInPageIsDisplayed" time="12.890" classname="script.TestSignInPage"/>
  <testcase name="testValidSignIn" time="73.564" classname="script.TestSignInPage"/>
  <testcase name="testSignInPageIsDisplayed" time="21.276" classname="script.TestSignInPage"/>
</testsuite> <!-- script.TestSignInPage -->
