<?xml version="1.0" encoding="UTF-8"?>
<!-- Generated by org.testng.reporters.JUnitReportReporter -->
<testsuite hostname="TYSS-4F-041" name="script.TestHomePageIsDisplayed" tests="2" failures="0" timestamp="27 Oct 2017 11:29:41 GMT" time="29.847" errors="0">
  <testcase name="testHomePageIsDisplayed" time="12.707" classname="script.TestHomePageIsDisplayed"/>
  <testcase name="testHomePageIsDisplayed" time="17.140" classname="script.TestHomePageIsDisplayed"/>
</testsuite> <!-- script.TestHomePageIsDisplayed -->
