<?xml version="1.0" encoding="UTF-8"?>
<!-- Generated by org.testng.reporters.JUnitReportReporter -->
<testsuite hostname="TYSS-4F-041" name="script.TestCuffLinksSearchPageisDisplayed" tests="2" failures="0" timestamp="27 Oct 2017 11:29:41 GMT" time="28.406" errors="0">
  <testcase name="testCuffLinksSearchPageisDisplayed" time="13.880" classname="script.TestCuffLinksSearchPageisDisplayed"/>
  <testcase name="testCuffLinksSearchPageisDisplayed" time="14.526" classname="script.TestCuffLinksSearchPageisDisplayed"/>
</testsuite> <!-- script.TestCuffLinksSearchPageisDisplayed -->
